Aligning contigs to reference...
	Aligning contigs to the reference
Filtering alignments...
Parsing coords...
Loading reference...
	Loaded [reference_r]
	Total Regions: 1
	Total Region Length: 1040
Analyzing contigs...
CONTIG: contig_1 (1020bp)
Best alignment score: 1000.4 (LEN: 1020, IDY: 98.08), Total number of alignments: 1
		One align captures most of this contig: 1 1040 | 1 1020 | 1040 1020 | 98.08 | reference_r contig_1

Analyzing coverage...
Writing SNPs into /home/zahrmm0b/cs249/cs249_final_assignment_2/task1/evaluations/synthetic_1/k_35/quast/contigs_reports/minimap_output/contigs_k35.used_snps

Analysis is finished!
Founded SNPs were written into /home/zahrmm0b/cs249/cs249_final_assignment_2/task1/evaluations/synthetic_1/k_35/quast/contigs_reports/minimap_output/contigs_k35.used_snps

Results:
	Local Misassemblies: 0
	Misassemblies: 0
		Relocations: 0
		Translocations: 0
		Inversions: 0
	Scaffold gap extensive misassemblies: 0
	Scaffold gap local misassemblies: 0
	Misassembled Contigs: 0
	Misassembled Contig Bases: 0
	Misassemblies Inter-Contig Overlap ("Extra" Aligned Bases): 0
Unaligned Contigs: 0 + 0 part
Half Unaligned Contigs with Misassemblies: 0
Unaligned Bases in Fully and Partially Unaligned Contigs: 0

Ambiguously Mapped Contigs: 0
Total Bases in Ambiguously Mapped Contigs: 0
"Extra" Aligned Bases in Ambiguously Mapped Contigs: 0
Note that --allow-ambiguity option was set to "one" and only first alignment per each of these contigs was used (there is no "extra" aligned bases).

	Covered Bases in Reference: 1040
	Raw Aligned Bases in Assembly: 1020
	Total Aligned Bases in Assembly (with "Extras"): 1020

	SNPs: 0
	Insertions: 0
	Deletions: 20

