Aligning contigs to reference...
	Aligning contigs to the reference
Filtering alignments...
Parsing coords...
Loading reference...
	Loaded [NC_019843.3]
	Total Regions: 1
	Total Region Length: 30119
Analyzing contigs...
CONTIG: NODE_1_length_29752_cov_27.134481 (29752bp)
Best alignment score: 29709.3 (LEN: 29742, IDY: 99.89), Total number of alignments: 1
		One align captures most of this contig: 291 30029 | 8 29749 | 29739 29742 | 99.89 | NC_019843.3 NODE_1_length_29752_cov_27.134481

Analyzing coverage...
Writing SNPs into /home/zahrmm0b/cs249/cs249_final_assignment_2/task1/evaluations/mers/spades_ont_with_error/contigs_reports/minimap_output/scaffolds.used_snps

Analysis is finished!
Founded SNPs were written into /home/zahrmm0b/cs249/cs249_final_assignment_2/task1/evaluations/mers/spades_ont_with_error/contigs_reports/minimap_output/scaffolds.used_snps

Results:
	Local Misassemblies: 0
	Misassemblies: 0
		Relocations: 0
		Translocations: 0
		Inversions: 0
	Scaffold gap extensive misassemblies: 0
	Scaffold gap local misassemblies: 0
	Misassembled Contigs: 0
	Misassembled Contig Bases: 0
	Misassemblies Inter-Contig Overlap ("Extra" Aligned Bases): 0
Unaligned Contigs: 0 + 0 part
Half Unaligned Contigs with Misassemblies: 0
Unaligned Bases in Fully and Partially Unaligned Contigs: 0

Ambiguously Mapped Contigs: 0
Total Bases in Ambiguously Mapped Contigs: 0
"Extra" Aligned Bases in Ambiguously Mapped Contigs: 0
Note that --allow-ambiguity option was set to "one" and only first alignment per each of these contigs was used (there is no "extra" aligned bases).

	Covered Bases in Reference: 29739
	Raw Aligned Bases in Assembly: 29742
	Total Aligned Bases in Assembly (with "Extras"): 29742

	SNPs: 7
	Insertions: 14
	Deletions: 11

