Aligning contigs to reference...
	Aligning contigs to the reference
Filtering alignments...
Parsing coords...
Loading reference...
	Loaded [NC_019843.3]
	Total Regions: 1
	Total Region Length: 30119
Analyzing contigs...
CONTIG: contig_1 (227bp)
Best alignment score: 224.0 (LEN: 227, IDY: 98.68), Total number of alignments: 1
		One align captures most of this contig: 392 618 | 1 227 | 227 227 | 98.68 | NC_019843.3 contig_1

CONTIG: contig_2 (214bp)
Best alignment score: 212.0 (LEN: 214, IDY: 99.07), Total number of alignments: 1
		One align captures most of this contig: 25233 25446 | 1 214 | 214 214 | 99.07 | NC_019843.3 contig_2

CONTIG: contig_3 (232bp)
Best alignment score: 231.0 (LEN: 232, IDY: 99.57), Total number of alignments: 1
		One align captures most of this contig: 16742 16973 | 1 232 | 232 232 | 99.57 | NC_019843.3 contig_3

CONTIG: contig_4 (227bp)
Best alignment score: 225.0 (LEN: 227, IDY: 99.12), Total number of alignments: 1
		One align captures most of this contig: 3643 3869 | 1 227 | 227 227 | 99.12 | NC_019843.3 contig_4

CONTIG: contig_5 (221bp)
Best alignment score: 220.0 (LEN: 221, IDY: 99.55), Total number of alignments: 1
		One align captures most of this contig: 21058 21278 | 1 221 | 221 221 | 99.55 | NC_019843.3 contig_5

CONTIG: contig_6 (232bp)
Best alignment score: 230.0 (LEN: 232, IDY: 99.14), Total number of alignments: 1
		One align captures most of this contig: 17542 17773 | 1 232 | 232 232 | 99.14 | NC_019843.3 contig_6

CONTIG: contig_7 (221bp)
Best alignment score: 220.0 (LEN: 221, IDY: 99.55), Total number of alignments: 1
		One align captures most of this contig: 398 618 | 1 221 | 221 221 | 99.55 | NC_019843.3 contig_7

CONTIG: contig_8 (228bp)
Best alignment score: 227.0 (LEN: 228, IDY: 99.56), Total number of alignments: 1
		One align captures most of this contig: 9191 9418 | 1 228 | 228 228 | 99.56 | NC_019843.3 contig_8

CONTIG: contig_9 (232bp)
Best alignment score: 231.0 (LEN: 232, IDY: 99.57), Total number of alignments: 1
		One align captures most of this contig: 15792 16023 | 1 232 | 232 232 | 99.57 | NC_019843.3 contig_9

CONTIG: contig_10 (206bp)
Best alignment score: 205.0 (LEN: 206, IDY: 99.51), Total number of alignments: 1
		One align captures most of this contig: 15416 15621 | 1 206 | 206 206 | 99.51 | NC_019843.3 contig_10

CONTIG: contig_11 (229bp)
Best alignment score: 228.0 (LEN: 229, IDY: 99.56), Total number of alignments: 1
		One align captures most of this contig: 19136 19364 | 1 229 | 229 229 | 99.56 | NC_019843.3 contig_11

CONTIG: contig_12 (232bp)
Best alignment score: 225.0 (LEN: 226, IDY: 99.56), Total number of alignments: 1
		One align captures most of this contig: 7892 8117 | 1 226 | 226 226 | 99.56 | NC_019843.3 contig_12

CONTIG: contig_13 (231bp)
Best alignment score: 226.0 (LEN: 231, IDY: 97.84), Total number of alignments: 1
		One align captures most of this contig: 8758 8988 | 1 231 | 231 231 | 97.84 | NC_019843.3 contig_13

CONTIG: contig_14 (231bp)
Best alignment score: 230.0 (LEN: 231, IDY: 99.57), Total number of alignments: 1
		One align captures most of this contig: 7539 7769 | 1 231 | 231 231 | 99.57 | NC_019843.3 contig_14

CONTIG: contig_15 (222bp)
Best alignment score: 220.0 (LEN: 222, IDY: 99.10), Total number of alignments: 1
		One align captures most of this contig: 9235 9456 | 1 222 | 222 222 | 99.1 | NC_019843.3 contig_15

CONTIG: contig_16 (323bp)
Best alignment score: 316.0 (LEN: 320, IDY: 98.75), Total number of alignments: 1
		One align captures most of this contig: 24093 24412 | 1 320 | 320 320 | 98.75 | NC_019843.3 contig_16

CONTIG: contig_17 (225bp)
Best alignment score: 221.0 (LEN: 225, IDY: 98.22), Total number of alignments: 1
		One align captures most of this contig: 4300 4524 | 1 225 | 225 225 | 98.22 | NC_019843.3 contig_17

CONTIG: contig_18 (230bp)
Best alignment score: 229.0 (LEN: 230, IDY: 99.57), Total number of alignments: 1
		One align captures most of this contig: 13776 14005 | 1 230 | 230 230 | 99.57 | NC_019843.3 contig_18

CONTIG: contig_19 (227bp)
Best alignment score: 226.0 (LEN: 227, IDY: 99.56), Total number of alignments: 1
		One align captures most of this contig: 6485 6711 | 1 227 | 227 227 | 99.56 | NC_019843.3 contig_19

CONTIG: contig_20 (220bp)
Best alignment score: 219.0 (LEN: 220, IDY: 99.55), Total number of alignments: 1
		One align captures most of this contig: 28520 28739 | 1 220 | 220 220 | 99.55 | NC_019843.3 contig_20

CONTIG: contig_21 (180bp)
Best alignment score: 180.0 (LEN: 180, IDY: 100.00), Total number of alignments: 1
		One align captures most of this contig: 6478 6657 | 1 180 | 180 180 | 100.0 | NC_019843.3 contig_21

CONTIG: contig_22 (225bp)
Best alignment score: 224.0 (LEN: 225, IDY: 99.56), Total number of alignments: 1
		One align captures most of this contig: 16503 16727 | 1 225 | 225 225 | 99.56 | NC_019843.3 contig_22

CONTIG: contig_23 (219bp)
Best alignment score: 218.0 (LEN: 219, IDY: 99.54), Total number of alignments: 1
		One align captures most of this contig: 22380 22598 | 1 219 | 219 219 | 99.54 | NC_019843.3 contig_23

CONTIG: contig_24 (228bp)
Best alignment score: 227.0 (LEN: 228, IDY: 99.56), Total number of alignments: 1
		One align captures most of this contig: 9627 9854 | 1 228 | 228 228 | 99.56 | NC_019843.3 contig_24

CONTIG: contig_25 (232bp)
Best alignment score: 230.0 (LEN: 232, IDY: 99.14), Total number of alignments: 1
		One align captures most of this contig: 21560 21791 | 1 232 | 232 232 | 99.14 | NC_019843.3 contig_25

CONTIG: contig_26 (228bp)
Best alignment score: 227.0 (LEN: 228, IDY: 99.56), Total number of alignments: 1
		One align captures most of this contig: 6723 6950 | 1 228 | 228 228 | 99.56 | NC_019843.3 contig_26

CONTIG: contig_27 (229bp)
Best alignment score: 228.0 (LEN: 229, IDY: 99.56), Total number of alignments: 1
		One align captures most of this contig: 8148 8376 | 1 229 | 229 229 | 99.56 | NC_019843.3 contig_27

CONTIG: contig_28 (130bp)
Best alignment score: 130.0 (LEN: 130, IDY: 100.00), Total number of alignments: 1
		One align captures most of this contig: 19961 20090 | 1 130 | 130 130 | 100.0 | NC_019843.3 contig_28

CONTIG: contig_29 (214bp)
Best alignment score: 213.0 (LEN: 214, IDY: 99.53), Total number of alignments: 1
		One align captures most of this contig: 29123 29336 | 1 214 | 214 214 | 99.53 | NC_019843.3 contig_29

CONTIG: contig_30 (222bp)
Best alignment score: 221.0 (LEN: 222, IDY: 99.55), Total number of alignments: 1
		One align captures most of this contig: 17466 17687 | 1 222 | 222 222 | 99.55 | NC_019843.3 contig_30

CONTIG: contig_31 (224bp)
Best alignment score: 223.0 (LEN: 224, IDY: 99.55), Total number of alignments: 1
		One align captures most of this contig: 462 685 | 1 224 | 224 224 | 99.55 | NC_019843.3 contig_31

CONTIG: contig_32 (221bp)
Best alignment score: 219.0 (LEN: 221, IDY: 99.10), Total number of alignments: 1
		One align captures most of this contig: 13852 14072 | 1 221 | 221 221 | 99.1 | NC_019843.3 contig_32

CONTIG: contig_33 (230bp)
Best alignment score: 229.0 (LEN: 230, IDY: 99.57), Total number of alignments: 1
		One align captures most of this contig: 9448 9677 | 1 230 | 230 230 | 99.57 | NC_019843.3 contig_33

CONTIG: contig_34 (232bp)
Best alignment score: 231.0 (LEN: 232, IDY: 99.57), Total number of alignments: 1
		One align captures most of this contig: 2570 2801 | 1 232 | 232 232 | 99.57 | NC_019843.3 contig_34

CONTIG: contig_35 (228bp)
Best alignment score: 227.0 (LEN: 228, IDY: 99.56), Total number of alignments: 1
		One align captures most of this contig: 13066 13293 | 1 228 | 228 228 | 99.56 | NC_019843.3 contig_35

CONTIG: contig_36 (218bp)
Best alignment score: 216.0 (LEN: 218, IDY: 99.08), Total number of alignments: 1
		One align captures most of this contig: 14114 14331 | 1 218 | 218 218 | 99.08 | NC_019843.3 contig_36

CONTIG: contig_37 (215bp)
Best alignment score: 213.0 (LEN: 215, IDY: 99.07), Total number of alignments: 1
		One align captures most of this contig: 29285 29499 | 1 215 | 215 215 | 99.07 | NC_019843.3 contig_37

CONTIG: contig_38 (224bp)
Best alignment score: 222.0 (LEN: 224, IDY: 99.11), Total number of alignments: 1
		One align captures most of this contig: 24242 24465 | 1 224 | 224 224 | 99.11 | NC_019843.3 contig_38

CONTIG: contig_39 (230bp)
Best alignment score: 229.0 (LEN: 230, IDY: 99.57), Total number of alignments: 1
		One align captures most of this contig: 13788 14017 | 1 230 | 230 230 | 99.57 | NC_019843.3 contig_39

CONTIG: contig_40 (227bp)
Best alignment score: 225.0 (LEN: 227, IDY: 99.12), Total number of alignments: 1
		One align captures most of this contig: 10094 10320 | 1 227 | 227 227 | 99.12 | NC_019843.3 contig_40

CONTIG: contig_41 (228bp)
Best alignment score: 226.0 (LEN: 228, IDY: 99.12), Total number of alignments: 1
		One align captures most of this contig: 16137 16364 | 1 228 | 228 228 | 99.12 | NC_019843.3 contig_41

CONTIG: contig_42 (229bp)
Best alignment score: 228.0 (LEN: 229, IDY: 99.56), Total number of alignments: 1
		One align captures most of this contig: 17032 17260 | 1 229 | 229 229 | 99.56 | NC_019843.3 contig_42

CONTIG: contig_43 (232bp)
Best alignment score: 228.0 (LEN: 232, IDY: 98.28), Total number of alignments: 1
		One align captures most of this contig: 5724 5955 | 1 232 | 232 232 | 98.28 | NC_019843.3 contig_43

CONTIG: contig_44 (231bp)
Best alignment score: 227.0 (LEN: 231, IDY: 98.27), Total number of alignments: 1
		One align captures most of this contig: 27366 27596 | 1 231 | 231 231 | 98.27 | NC_019843.3 contig_44

CONTIG: contig_45 (204bp)
Best alignment score: 203.0 (LEN: 204, IDY: 99.51), Total number of alignments: 1
		One align captures most of this contig: 26320 26523 | 1 204 | 204 204 | 99.51 | NC_019843.3 contig_45

CONTIG: contig_46 (224bp)
Best alignment score: 221.0 (LEN: 224, IDY: 98.66), Total number of alignments: 1
		One align captures most of this contig: 10336 10559 | 1 224 | 224 224 | 98.66 | NC_019843.3 contig_46

CONTIG: contig_47 (229bp)
Best alignment score: 228.0 (LEN: 229, IDY: 99.56), Total number of alignments: 1
		One align captures most of this contig: 3085 3313 | 1 229 | 229 229 | 99.56 | NC_019843.3 contig_47

CONTIG: contig_48 (231bp)
Best alignment score: 230.0 (LEN: 231, IDY: 99.57), Total number of alignments: 1
		One align captures most of this contig: 18056 18286 | 1 231 | 231 231 | 99.57 | NC_019843.3 contig_48

CONTIG: contig_49 (213bp)
Best alignment score: 210.0 (LEN: 213, IDY: 98.59), Total number of alignments: 1
		One align captures most of this contig: 1309 1521 | 1 213 | 213 213 | 98.59 | NC_019843.3 contig_49

CONTIG: contig_50 (217bp)
Best alignment score: 216.0 (LEN: 217, IDY: 99.54), Total number of alignments: 1
		One align captures most of this contig: 10583 10799 | 1 217 | 217 217 | 99.54 | NC_019843.3 contig_50

CONTIG: contig_51 (231bp)
Best alignment score: 230.0 (LEN: 231, IDY: 99.57), Total number of alignments: 1
		One align captures most of this contig: 507 737 | 1 231 | 231 231 | 99.57 | NC_019843.3 contig_51

CONTIG: contig_52 (226bp)
Best alignment score: 224.0 (LEN: 226, IDY: 99.12), Total number of alignments: 1
		One align captures most of this contig: 8203 8428 | 1 226 | 226 226 | 99.12 | NC_019843.3 contig_52

CONTIG: contig_53 (132bp)
Best alignment score: 132.0 (LEN: 132, IDY: 100.00), Total number of alignments: 1
		One align captures most of this contig: 29368 29499 | 1 132 | 132 132 | 100.0 | NC_019843.3 contig_53

Analyzing coverage...
Writing SNPs into /home/zahrmm0b/cs249/cs249_final_assignment_2/task1/evaluations/mers_olc_hiseq_with_error/contigs_reports/minimap_output/contigs_olc_min20.used_snps

Analysis is finished!
Founded SNPs were written into /home/zahrmm0b/cs249/cs249_final_assignment_2/task1/evaluations/mers_olc_hiseq_with_error/contigs_reports/minimap_output/contigs_olc_min20.used_snps

Results:
	Local Misassemblies: 0
	Misassemblies: 0
		Relocations: 0
		Translocations: 0
		Inversions: 0
	Scaffold gap extensive misassemblies: 0
	Scaffold gap local misassemblies: 0
	Misassembled Contigs: 0
	Misassembled Contig Bases: 0
	Misassemblies Inter-Contig Overlap ("Extra" Aligned Bases): 0
Unaligned Contigs: 0 + 0 part
Half Unaligned Contigs with Misassemblies: 0
Unaligned Bases in Fully and Partially Unaligned Contigs: 0

Ambiguously Mapped Contigs: 0
Total Bases in Ambiguously Mapped Contigs: 0
"Extra" Aligned Bases in Ambiguously Mapped Contigs: 0
Note that --allow-ambiguity option was set to "one" and only first alignment per each of these contigs was used (there is no "extra" aligned bases).

	Covered Bases in Reference: 9751
	Raw Aligned Bases in Assembly: 11784
	Total Aligned Bases in Assembly (with "Extras"): 11784

	SNPs: 84
	Insertions: 0
	Deletions: 0

