/ibex/sw/rl9c/quast/5.2.0/rl9_conda3/quast-5.2.0/quast.py -o task1/evaluations/synthetic_1/k_35/quast -r task1/data/synthetic_1/reference_r.fasta task1/evaluations/synthetic_1/k_35/contigs_k35.fasta

Version: 5.2.0

System information:
  OS: Linux-5.14.0-427.20.1.el9_4.0.1.x86_64-x86_64-with-glibc2.17 (linux_64)
  Python version: 3.8.20
  CPUs number: 40

Started: 2025-05-09 14:34:59

Logging to /home/zahrmm0b/cs249/cs249_final_assignment_2/task1/evaluations/synthetic_1/k_35/quast/quast.log
NOTICE: Maximum number of threads is set to 10 (use --threads option to set it manually)

CWD: /home/zahrmm0b/cs249/cs249_final_assignment_2
Main parameters: 
  MODE: default, threads: 10, min contig length: 500, min alignment length: 65, min alignment IDY: 95.0, \
  ambiguity: one, min local misassembly length: 200, min extensive misassembly length: 1000

Reference:
  /home/zahrmm0b/cs249/cs249_final_assignment_2/task1/data/synthetic_1/reference_r.fasta ==> reference_r

Contigs:
  Pre-processing...
  task1/evaluations/synthetic_1/k_35/contigs_k35.fasta ==> contigs_k35

2025-05-09 14:35:00
Running Basic statistics processor...
  Reference genome:
    reference_r.fasta, length = 1040, num fragments = 1, GC % = 51.25
  Contig files: 
    contigs_k35
  Calculating N50 and L50...
    contigs_k35, N50 = 1020, L50 = 1, auN = 1020.0, Total length = 1020, GC % = 51.37, # N's per 100 kbp =  0.00
  Drawing Nx plot...
    saved to /home/zahrmm0b/cs249/cs249_final_assignment_2/task1/evaluations/synthetic_1/k_35/quast/basic_stats/Nx_plot.pdf
  Drawing NGx plot...
    saved to /home/zahrmm0b/cs249/cs249_final_assignment_2/task1/evaluations/synthetic_1/k_35/quast/basic_stats/NGx_plot.pdf
  Drawing cumulative plot...
    saved to /home/zahrmm0b/cs249/cs249_final_assignment_2/task1/evaluations/synthetic_1/k_35/quast/basic_stats/cumulative_plot.pdf
  Drawing GC content plot...
    saved to /home/zahrmm0b/cs249/cs249_final_assignment_2/task1/evaluations/synthetic_1/k_35/quast/basic_stats/GC_content_plot.pdf
  Drawing contigs_k35 GC content plot...
    saved to /home/zahrmm0b/cs249/cs249_final_assignment_2/task1/evaluations/synthetic_1/k_35/quast/basic_stats/contigs_k35_GC_content_plot.pdf
Done.

2025-05-09 14:35:02
Running Contig analyzer...
  contigs_k35
  Logging to files /home/zahrmm0b/cs249/cs249_final_assignment_2/task1/evaluations/synthetic_1/k_35/quast/contigs_reports/contigs_report_contigs_k35.stdout and contigs_report_contigs_k35.stderr...
  Aligning contigs to the reference
  /ibex/sw/rl9c/quast/5.2.0/rl9_conda3/quast-5.2.0/quast_libs/minimap2/minimap2 -c \
  -x asm10 -B5 -O4,16 --no-long-join -r 200 -N 50 -s 65 -z 200 --mask-level 0.9 --min-occ \
  200 -g 2500 --score-N 2 --cs -t 10 task1/evaluations/synthetic_1/k_35/quast/quast_corrected_input/reference_r.fasta \
  task1/evaluations/synthetic_1/k_35/quast/quast_corrected_input/contigs_k35.fasta \
  > task1/evaluations/synthetic_1/k_35/quast/contigs_reports/minimap_output/contigs_k35.coords_tmp \
  2>> task1/evaluations/synthetic_1/k_35/quast/contigs_reports/contigs_report_contigs_k35.stderr
  Analysis is finished.

  Creating total report...
    saved to /home/zahrmm0b/cs249/cs249_final_assignment_2/task1/evaluations/synthetic_1/k_35/quast/contigs_reports/misassemblies_report.txt, misassemblies_report.tsv, and misassemblies_report.tex
  Transposed version of total report...
    saved to /home/zahrmm0b/cs249/cs249_final_assignment_2/task1/evaluations/synthetic_1/k_35/quast/contigs_reports/transposed_report_misassemblies.txt, transposed_report_misassemblies.tsv, and transposed_report_misassemblies.tex
  Creating total report...
    saved to /home/zahrmm0b/cs249/cs249_final_assignment_2/task1/evaluations/synthetic_1/k_35/quast/contigs_reports/unaligned_report.txt, unaligned_report.tsv, and unaligned_report.tex
  Drawing misassemblies by types plot...
    saved to /home/zahrmm0b/cs249/cs249_final_assignment_2/task1/evaluations/synthetic_1/k_35/quast/contigs_reports/misassemblies_plot.pdf
  Drawing misassemblies FRCurve plot...
    saved to /home/zahrmm0b/cs249/cs249_final_assignment_2/task1/evaluations/synthetic_1/k_35/quast/contigs_reports/misassemblies_frcurve_plot.pdf
Done.

2025-05-09 14:35:02
Running NA-NGA calculation...
  contigs_k35, Largest alignment = 1020, NA50 = 1020, NGA50 = 1020, LA50 = 1, LGA50 = 1
  Drawing cumulative plot...
    saved to /home/zahrmm0b/cs249/cs249_final_assignment_2/task1/evaluations/synthetic_1/k_35/quast/aligned_stats/cumulative_plot.pdf
  Drawing NAx plot...
    saved to /home/zahrmm0b/cs249/cs249_final_assignment_2/task1/evaluations/synthetic_1/k_35/quast/aligned_stats/NAx_plot.pdf
  Drawing NGAx plot...
    saved to /home/zahrmm0b/cs249/cs249_final_assignment_2/task1/evaluations/synthetic_1/k_35/quast/aligned_stats/NGAx_plot.pdf
Done.

2025-05-09 14:35:03
Running Genome analyzer...
  NOTICE: No file with genomic features were provided. Use the --features option if you want to specify it.

  NOTICE: No file with operons were provided. Use the -O option if you want to specify it.
  contigs_k35
  Analysis is finished.
  Skipping drawing Genome fraction, % histogram... (less than 2 columns histogram makes no sense)
Done.

NOTICE: Genes are not predicted by default. Use --gene-finding or --glimmer option to enable it.

2025-05-09 14:35:03
Creating large visual summaries...
This may take a while: press Ctrl-C to skip this step..
  1 of 2: Creating PDF with all tables and plots...
  2 of 2: Creating Icarus viewers...
Done

2025-05-09 14:35:04
RESULTS:
  Text versions of total report are saved to /home/zahrmm0b/cs249/cs249_final_assignment_2/task1/evaluations/synthetic_1/k_35/quast/report.txt, report.tsv, and report.tex
  Text versions of transposed total report are saved to /home/zahrmm0b/cs249/cs249_final_assignment_2/task1/evaluations/synthetic_1/k_35/quast/transposed_report.txt, transposed_report.tsv, and transposed_report.tex
  HTML version (interactive tables and plots) is saved to /home/zahrmm0b/cs249/cs249_final_assignment_2/task1/evaluations/synthetic_1/k_35/quast/report.html
  PDF version (tables and plots) is saved to /home/zahrmm0b/cs249/cs249_final_assignment_2/task1/evaluations/synthetic_1/k_35/quast/report.pdf
  Icarus (contig browser) is saved to /home/zahrmm0b/cs249/cs249_final_assignment_2/task1/evaluations/synthetic_1/k_35/quast/icarus.html
  Log is saved to /home/zahrmm0b/cs249/cs249_final_assignment_2/task1/evaluations/synthetic_1/k_35/quast/quast.log

Finished: 2025-05-09 14:35:04
Elapsed time: 0:00:04.854833
NOTICEs: 4; WARNINGs: 0; non-fatal ERRORs: 0

Thank you for using QUAST!
