Aligning contigs to reference...
	Aligning contigs to the reference
Filtering alignments...
Parsing coords...
Loading reference...
	Loaded [NC_019843.3]
	Total Regions: 1
	Total Region Length: 30119
Analyzing contigs...
CONTIG: contig_1 (22085bp)
		This contig is unaligned. (22085 bp)
		Unaligned bases: 22085 (number of Ns: 0)

CONTIG: contig_2 (8250bp)
		This contig is unaligned. (8250 bp)
		Unaligned bases: 8250 (number of Ns: 0)

Analyzing coverage...
Writing SNPs into /home/zahrmm0b/cs249/cs249_final_assignment_2/task1/evaluations/mers/dbg_ont_with_error/contigs_reports/minimap_output/contigs_k31.used_snps

Analysis is finished!
Founded SNPs were written into /home/zahrmm0b/cs249/cs249_final_assignment_2/task1/evaluations/mers/dbg_ont_with_error/contigs_reports/minimap_output/contigs_k31.used_snps

Results:
	Local Misassemblies: 0
	Misassemblies: 0
		Relocations: 0
		Translocations: 0
		Inversions: 0
	Scaffold gap extensive misassemblies: 0
	Scaffold gap local misassemblies: 0
	Misassembled Contigs: 0
	Misassembled Contig Bases: 0
	Misassemblies Inter-Contig Overlap ("Extra" Aligned Bases): 0
Unaligned Contigs: 2 + 0 part
Half Unaligned Contigs with Misassemblies: 0
Unaligned Bases in Fully and Partially Unaligned Contigs: 30335

Ambiguously Mapped Contigs: 0
Total Bases in Ambiguously Mapped Contigs: 0
"Extra" Aligned Bases in Ambiguously Mapped Contigs: 0
Note that --allow-ambiguity option was set to "one" and only first alignment per each of these contigs was used (there is no "extra" aligned bases).

	Covered Bases in Reference: 0
	Raw Aligned Bases in Assembly: 0
	Total Aligned Bases in Assembly (with "Extras"): 0

	SNPs: 0
	Insertions: 0
	Deletions: 0

